Flow report for terasic_de1soc
Sun Feb 22 01:52:24 2026
Quartus Prime Version 20.1.0 Build 711 06/05/2020 SJ Standard Edition


---------------------
; Table of Contents ;
---------------------
  1. Legal Notice
  2. Flow Summary
  3. Flow Settings
  4. Flow Non-Default Global Settings
  5. Flow Elapsed Time
  6. Flow OS Summary
  7. Flow Log
  8. Flow Messages
  9. Flow Suppressed Messages



----------------
; Legal Notice ;
----------------
Copyright (C) 2020  Intel Corporation. All rights reserved.
Your use of Intel Corporation's design tools, logic functions 
and other software and tools, and any partner logic 
functions, and any output files from any of the foregoing 
(including device programming or simulation files), and any 
associated documentation or information are expressly subject 
to the terms and conditions of the Intel Program License 
Subscription Agreement, the Intel Quartus Prime License Agreement,
the Intel FPGA IP License Agreement, or other applicable license
agreement, including, without limitation, that your use is for
the sole purpose of programming logic devices manufactured by
Intel and sold by Intel or its authorized distributors.  Please
refer to the applicable agreement for further details, at
https://fpgasoftware.intel.com/eula.



+-----------------------------------------------------------------------------------+
; Flow Summary                                                                      ;
+---------------------------------+-------------------------------------------------+
; Flow Status                     ; Successful - Sun Feb 22 01:51:28 2026           ;
; Quartus Prime Version           ; 20.1.0 Build 711 06/05/2020 SJ Standard Edition ;
; Revision Name                   ; terasic_de1soc                                  ;
; Top-level Entity Name           ; terasic_de1soc                                  ;
; Family                          ; Cyclone V                                       ;
; Device                          ; 5CSEMA5F31C6                                    ;
; Timing Models                   ; Final                                           ;
; Logic utilization (in ALMs)     ; 15,839 / 32,070 ( 49 % )                        ;
; Total registers                 ; 31257                                           ;
; Total pins                      ; 52 / 457 ( 11 % )                               ;
; Total virtual pins              ; 0                                               ;
; Total block memory bits         ; 636,576 / 4,065,280 ( 16 % )                    ;
; Total DSP Blocks                ; 46 / 87 ( 53 % )                                ;
; Total HSSI RX PCSs              ; 0                                               ;
; Total HSSI PMA RX Deserializers ; 0                                               ;
; Total HSSI TX PCSs              ; 0                                               ;
; Total HSSI PMA TX Serializers   ; 0                                               ;
; Total PLLs                      ; 1 / 6 ( 17 % )                                  ;
; Total DLLs                      ; 0 / 4 ( 0 % )                                   ;
+---------------------------------+-------------------------------------------------+


+-----------------------------------------+
; Flow Settings                           ;
+-------------------+---------------------+
; Option            ; Setting             ;
+-------------------+---------------------+
; Start date & time ; 02/22/2026 01:38:58 ;
; Main task         ; Compilation         ;
; Revision Name     ; terasic_de1soc      ;
+-------------------+---------------------+


+---------------------------------------------------------------------------------------------------+
; Flow Non-Default Global Settings                                                                  ;
+-----------------------+--------------------------------+---------------+-------------+------------+
; Assignment Name       ; Value                          ; Default Value ; Entity Name ; Section Id ;
+-----------------------+--------------------------------+---------------+-------------+------------+
; COMPILER_SIGNATURE_ID ; 66640973460911.177169553863142 ; --            ; --          ; --         ;
; VERILOG_MACRO         ; SYNTHESIS=1                    ; --            ; --          ; --         ;
+-----------------------+--------------------------------+---------------+-------------+------------+


+--------------------------------------------------------------------------------------------------------------------------+
; Flow Elapsed Time                                                                                                        ;
+----------------------+--------------+-------------------------+---------------------+------------------------------------+
; Module Name          ; Elapsed Time ; Average Processors Used ; Peak Virtual Memory ; Total CPU Time (on all processors) ;
+----------------------+--------------+-------------------------+---------------------+------------------------------------+
; Analysis & Synthesis ; 00:04:33     ; 1.6                     ; 3763 MB             ; 00:06:11                           ;
; Fitter               ; 00:07:02     ; 2.1                     ; 4177 MB             ; 00:19:14                           ;
; Assembler            ; 00:00:17     ; 1.0                     ; 1006 MB             ; 00:00:18                           ;
; Timing Analyzer      ; 00:00:52     ; 4.8                     ; 2268 MB             ; 00:03:29                           ;
; Total                ; 00:12:44     ; --                      ; --                  ; 00:29:12                           ;
+----------------------+--------------+-------------------------+---------------------+------------------------------------+


+----------------------------------------------------------------------------------------+
; Flow OS Summary                                                                        ;
+----------------------+------------------+----------------+------------+----------------+
; Module Name          ; Machine Hostname ; OS Name        ; OS Version ; Processor type ;
+----------------------+------------------+----------------+------------+----------------+
; Analysis & Synthesis ; renz-boosted     ; Ubuntu 24.04.3 ; 24         ; x86_64         ;
; Fitter               ; renz-boosted     ; Ubuntu 24.04.3 ; 24         ; x86_64         ;
; Assembler            ; renz-boosted     ; Ubuntu 24.04.3 ; 24         ; x86_64         ;
; Timing Analyzer      ; renz-boosted     ; Ubuntu 24.04.3 ; 24         ; x86_64         ;
+----------------------+------------------+----------------+------------+----------------+


------------
; Flow Log ;
------------
quartus_map --read_settings_files=on --write_settings_files=off terasic_de1soc -c terasic_de1soc
quartus_fit --read_settings_files=off --write_settings_files=off terasic_de1soc -c terasic_de1soc
quartus_asm --read_settings_files=off --write_settings_files=off terasic_de1soc -c terasic_de1soc
quartus_sta terasic_de1soc -c terasic_de1soc



